# JRE version: Java(TM) SE Runtime Environment (8.0_181-b13) (build 1.8.0_181-b13)
# Java VM: Java HotSpot(TM) 64-Bit Server VM (25.181-b13 mixed mode windows-amd64 compressed oops)
Heap:
 PSYoungGen      total 214528K, used 44357K [0x0000000780900000, 0x000000078fa80000, 0x00000007c0000000)
  eden space 199168K, 14% used [0x0000000780900000,0x0000000782553010,0x000000078cb80000)
  from space 15360K, 99% used [0x000000078eb80000,0x000000078fa7e4b8,0x000000078fa80000)
  to   space 19456K, 0% used [0x000000078d480000,0x000000078d480000,0x000000078e780000)
 ParOldGen       total 83968K, used 23657K [0x0000000701a00000, 0x0000000706c00000, 0x0000000780900000)
  object space 83968K, 28% used [0x0000000701a00000,0x000000070311a550,0x0000000706c00000)
 Metaspace       used 55398K, capacity 58268K, committed 58368K, reserved 1099776K
  class space    used 7348K, capacity 7848K, committed 7936K, reserved 1048576K
GC Heap History (10 events):
Event: 3.573 GC heap before
{Heap before GC invocations=6 (full 1):
 PSYoungGen      total 106496K, used 98304K [0x0000000780900000, 0x0000000787900000, 0x00000007c0000000)
  eden space 98304K, 100% used [0x0000000780900000,0x0000000786900000,0x0000000786900000)
  from space 8192K, 0% used [0x0000000787100000,0x0000000787100000,0x0000000787900000)
  to   space 8192K, 0% used [0x0000000786900000,0x0000000786900000,0x0000000787100000)
 ParOldGen       total 83968K, used 7748K [0x0000000701a00000, 0x0000000706c00000, 0x0000000780900000)
  object space 83968K, 9% used [0x0000000701a00000,0x0000000702191068,0x0000000706c00000)
 Metaspace       used 23599K, capacity 24818K, committed 24960K, reserved 1071104K
  class space    used 2942K, capacity 3184K, committed 3200K, reserved 1048576K
Event: 3.581 GC heap after
Heap after GC invocations=6 (full 1):
 PSYoungGen      total 106496K, used 5426K [0x0000000780900000, 0x000000078ab80000, 0x00000007c0000000)
  eden space 98304K, 0% used [0x0000000780900000,0x0000000780900000,0x0000000786900000)
  from space 8192K, 66% used [0x0000000786900000,0x0000000786e4c990,0x0000000787100000)
  to   space 11264K, 0% used [0x000000078a080000,0x000000078a080000,0x000000078ab80000)
 ParOldGen       total 83968K, used 7748K [0x0000000701a00000, 0x0000000706c00000, 0x0000000780900000)
  object space 83968K, 9% used [0x0000000701a00000,0x0000000702191068,0x0000000706c00000)
 Metaspace       used 23599K, capacity 24818K, committed 24960K, reserved 1071104K
  class space    used 2942K, capacity 3184K, committed 3200K, reserved 1048576K
}
Event: 5.466 GC heap before
{Heap before GC invocations=7 (full 1):
 PSYoungGen      total 106496K, used 103730K [0x0000000780900000, 0x000000078ab80000, 0x00000007c0000000)
  eden space 98304K, 100% used [0x0000000780900000,0x0000000786900000,0x0000000786900000)
  from space 8192K, 66% used [0x0000000786900000,0x0000000786e4c990,0x0000000787100000)
  to   space 11264K, 0% used [0x000000078a080000,0x000000078a080000,0x000000078ab80000)
 ParOldGen       total 83968K, used 7748K [0x0000000701a00000, 0x0000000706c00000, 0x0000000780900000)
  object space 83968K, 9% used [0x0000000701a00000,0x0000000702191068,0x0000000706c00000)
 Metaspace       used 31328K, capacity 33532K, committed 33664K, reserved 1079296K
  class space    used 4021K, capacity 4412K, committed 4480K, reserved 1048576K
Event: 5.479 GC heap after
Heap after GC invocations=7 (full 1):
 PSYoungGen      total 151040K, used 11236K [0x0000000780900000, 0x000000078ab80000, 0x00000007c0000000)
  eden space 139776K, 0% used [0x0000000780900000,0x0000000780900000,0x0000000789180000)
  from space 11264K, 99% used [0x000000078a080000,0x000000078ab791d8,0x000000078ab80000)
  to   space 13312K, 0% used [0x0000000789180000,0x0000000789180000,0x0000000789e80000)
 ParOldGen       total 83968K, used 8281K [0x0000000701a00000, 0x0000000706c00000, 0x0000000780900000)
  object space 83968K, 9% used [0x0000000701a00000,0x00000007022167f8,0x0000000706c00000)
 Metaspace       used 31328K, capacity 33532K, committed 33664K, reserved 1079296K
  class space    used 4021K, capacity 4412K, committed 4480K, reserved 1048576K
}
Event: 6.012 GC heap before
{Heap before GC invocations=8 (full 1):
 PSYoungGen      total 151040K, used 141579K [0x0000000780900000, 0x000000078ab80000, 0x00000007c0000000)
  eden space 139776K, 93% used [0x0000000780900000,0x0000000788849c88,0x0000000789180000)
  from space 11264K, 99% used [0x000000078a080000,0x000000078ab791d8,0x000000078ab80000)
  to   space 13312K, 0% used [0x0000000789180000,0x0000000789180000,0x0000000789e80000)
 ParOldGen       total 83968K, used 8281K [0x0000000701a00000, 0x0000000706c00000, 0x0000000780900000)
  object space 83968K, 9% used [0x0000000701a00000,0x00000007022167f8,0x0000000706c00000)
 Metaspace       used 33153K, capacity 35392K, committed 35416K, reserved 1081344K
  class space    used 4212K, capacity 4602K, committed 4608K, reserved 1048576K
Event: 6.040 GC heap after
Heap after GC invocations=8 (full 1):
 PSYoungGen      total 153088K, used 12942K [0x0000000780900000, 0x000000078fa80000, 0x00000007c0000000)
  eden space 139776K, 0% used [0x0000000780900000,0x0000000780900000,0x0000000789180000)
  from space 13312K, 97% used [0x0000000789180000,0x0000000789e23968,0x0000000789e80000)
  to   space 15360K, 0% used [0x000000078eb80000,0x000000078eb80000,0x000000078fa80000)
 ParOldGen       total 83968K, used 8281K [0x0000000701a00000, 0x0000000706c00000, 0x0000000780900000)
  object space 83968K, 9% used [0x0000000701a00000,0x00000007022167f8,0x0000000706c00000)
 Metaspace       used 33153K, capacity 35392K, committed 35416K, reserved 1081344K
  class space    used 4212K, capacity 4602K, committed 4608K, reserved 1048576K
}
Event: 6.040 GC heap before
{Heap before GC invocations=9 (full 2):
 PSYoungGen      total 153088K, used 12942K [0x0000000780900000, 0x000000078fa80000, 0x00000007c0000000)
  eden space 139776K, 0% used [0x0000000780900000,0x0000000780900000,0x0000000789180000)
  from space 13312K, 97% used [0x0000000789180000,0x0000000789e23968,0x0000000789e80000)
  to   space 15360K, 0% used [0x000000078eb80000,0x000000078eb80000,0x000000078fa80000)
 ParOldGen       total 83968K, used 8281K [0x0000000701a00000, 0x0000000706c00000, 0x0000000780900000)
  object space 83968K, 9% used [0x0000000701a00000,0x00000007022167f8,0x0000000706c00000)
 Metaspace       used 33153K, capacity 35392K, committed 35416K, reserved 1081344K
  class space    used 4212K, capacity 4602K, committed 4608K, reserved 1048576K
Event: 6.148 GC heap after
Heap after GC invocations=9 (full 2):
 PSYoungGen      total 153088K, used 0K [0x0000000780900000, 0x000000078fa80000, 0x00000007c0000000)
  eden space 139776K, 0% used [0x0000000780900000,0x0000000780900000,0x0000000789180000)
  from space 13312K, 0% used [0x0000000789180000,0x0000000789180000,0x0000000789e80000)
  to   space 15360K, 0% used [0x000000078eb80000,0x000000078eb80000,0x000000078fa80000)
 ParOldGen       total 83968K, used 18442K [0x0000000701a00000, 0x0000000706c00000, 0x0000000780900000)
  object space 83968K, 21% used [0x0000000701a00000,0x0000000702c02800,0x0000000706c00000)
 Metaspace       used 33153K, capacity 35392K, committed 35416K, reserved 1081344K
  class space    used 4212K, capacity 4602K, committed 4608K, reserved 1048576K
}
Event: 9.278 GC heap before
{Heap before GC invocations=10 (full 2):
 PSYoungGen      total 153088K, used 139776K [0x0000000780900000, 0x000000078fa80000, 0x00000007c0000000)
  eden space 139776K, 100% used [0x0000000780900000,0x0000000789180000,0x0000000789180000)
  from space 13312K, 0% used [0x0000000789180000,0x0000000789180000,0x0000000789e80000)
  to   space 15360K, 0% used [0x000000078eb80000,0x000000078eb80000,0x000000078fa80000)
 ParOldGen       total 83968K, used 18442K [0x0000000701a00000, 0x0000000706c00000, 0x0000000780900000)
  object space 83968K, 21% used [0x0000000701a00000,0x0000000702c02800,0x0000000706c00000)
 Metaspace       used 53099K, capacity 55710K, committed 56192K, reserved 1097728K
  class space    used 7058K, capacity 7497K, committed 7552K, reserved 1048576K
Event: 9.304 GC heap after
Heap after GC invocations=10 (full 2):
 PSYoungGen      total 214528K, used 15353K [0x0000000780900000, 0x000000078fa80000, 0x00000007c0000000)
  eden space 199168K, 0% used [0x0000000780900000,0x0000000780900000,0x000000078cb80000)
  from space 15360K, 99% used [0x000000078eb80000,0x000000078fa7e4b8,0x000000078fa80000)
  to   space 19456K, 0% used [0x000000078d480000,0x000000078d480000,0x000000078e780000)
 ParOldGen       total 83968K, used 23657K [0x0000000701a00000, 0x0000000706c00000, 0x0000000780900000)
  object space 83968K, 28% used [0x0000000701a00000,0x000000070311a550,0x0000000706c00000)
 Metaspace       used 53099K, capacity 55710K, committed 56192K, reserved 1097728K
  class space    used 7058K, capacity 7497K, committed 7552K, reserved 1048576K
}

