# JRE version: Java(TM) SE Runtime Environment (8.0_181-b13) (build 1.8.0_181-b13)
# Java VM: Java HotSpot(TM) 64-Bit Server VM (25.181-b13 mixed mode windows-amd64 compressed oops)
Heap:
 PSYoungGen      total 151040K, used 25477K [0x0000000780900000, 0x000000078f200000, 0x00000007c0000000)
  eden space 138240K, 18% used [0x0000000780900000,0x00000007821e1498,0x0000000789000000)
  from space 12800K, 0% used [0x0000000789000000,0x0000000789000000,0x0000000789c80000)
  to   space 14848K, 0% used [0x000000078e380000,0x000000078e380000,0x000000078f200000)
 ParOldGen       total 83456K, used 18491K [0x0000000701a00000, 0x0000000706b80000, 0x0000000780900000)
  object space 83456K, 22% used [0x0000000701a00000,0x0000000702c0ef88,0x0000000706b80000)
 Metaspace       used 35528K, capacity 37902K, committed 38016K, reserved 1083392K
  class space    used 4537K, capacity 4979K, committed 4992K, reserved 1048576K
GC Heap History (10 events):
Event: 2.581 GC heap before
{Heap before GC invocations=5 (full 1):
 PSYoungGen      total 106496K, used 7847K [0x0000000780900000, 0x0000000787900000, 0x00000007c0000000)
  eden space 98304K, 0% used [0x0000000780900000,0x0000000780900000,0x0000000786900000)
  from space 8192K, 95% used [0x0000000787100000,0x00000007878a9c90,0x0000000787900000)
  to   space 8192K, 0% used [0x0000000786900000,0x0000000786900000,0x0000000787100000)
 ParOldGen       total 131072K, used 1602K [0x0000000701a00000, 0x0000000709a00000, 0x0000000780900000)
  object space 131072K, 1% used [0x0000000701a00000,0x0000000701b90958,0x0000000709a00000)
 Metaspace       used 20230K, capacity 21138K, committed 21248K, reserved 1067008K
  class space    used 2515K, capacity 2732K, committed 2816K, reserved 1048576K
Event: 2.631 GC heap after
Heap after GC invocations=5 (full 1):
 PSYoungGen      total 106496K, used 0K [0x0000000780900000, 0x0000000787900000, 0x00000007c0000000)
  eden space 98304K, 0% used [0x0000000780900000,0x0000000780900000,0x0000000786900000)
  from space 8192K, 0% used [0x0000000787100000,0x0000000787100000,0x0000000787900000)
  to   space 8192K, 0% used [0x0000000786900000,0x0000000786900000,0x0000000787100000)
 ParOldGen       total 83456K, used 7615K [0x0000000701a00000, 0x0000000706b80000, 0x0000000780900000)
  object space 83456K, 9% used [0x0000000701a00000,0x000000070216fcb8,0x0000000706b80000)
 Metaspace       used 20230K, capacity 21138K, committed 21248K, reserved 1067008K
  class space    used 2515K, capacity 2732K, committed 2816K, reserved 1048576K
}
Event: 3.615 GC heap before
{Heap before GC invocations=6 (full 1):
 PSYoungGen      total 106496K, used 98304K [0x0000000780900000, 0x0000000787900000, 0x00000007c0000000)
  eden space 98304K, 100% used [0x0000000780900000,0x0000000786900000,0x0000000786900000)
  from space 8192K, 0% used [0x0000000787100000,0x0000000787100000,0x0000000787900000)
  to   space 8192K, 0% used [0x0000000786900000,0x0000000786900000,0x0000000787100000)
 ParOldGen       total 83456K, used 7615K [0x0000000701a00000, 0x0000000706b80000, 0x0000000780900000)
  object space 83456K, 9% used [0x0000000701a00000,0x000000070216fcb8,0x0000000706b80000)
 Metaspace       used 23547K, capacity 24716K, committed 24960K, reserved 1071104K
  class space    used 2928K, capacity 3149K, committed 3200K, reserved 1048576K
Event: 3.621 GC heap after
Heap after GC invocations=6 (full 1):
 PSYoungGen      total 106496K, used 6114K [0x0000000780900000, 0x000000078a900000, 0x00000007c0000000)
  eden space 98304K, 0% used [0x0000000780900000,0x0000000780900000,0x0000000786900000)
  from space 8192K, 74% used [0x0000000786900000,0x0000000786ef8998,0x0000000787100000)
  to   space 10752K, 0% used [0x0000000789e80000,0x0000000789e80000,0x000000078a900000)
 ParOldGen       total 83456K, used 7623K [0x0000000701a00000, 0x0000000706b80000, 0x0000000780900000)
  object space 83456K, 9% used [0x0000000701a00000,0x0000000702171cb8,0x0000000706b80000)
 Metaspace       used 23547K, capacity 24716K, committed 24960K, reserved 1071104K
  class space    used 2928K, capacity 3149K, committed 3200K, reserved 1048576K
}
Event: 5.932 GC heap before
{Heap before GC invocations=7 (full 1):
 PSYoungGen      total 106496K, used 104418K [0x0000000780900000, 0x000000078a900000, 0x00000007c0000000)
  eden space 98304K, 100% used [0x0000000780900000,0x0000000786900000,0x0000000786900000)
  from space 8192K, 74% used [0x0000000786900000,0x0000000786ef8998,0x0000000787100000)
  to   space 10752K, 0% used [0x0000000789e80000,0x0000000789e80000,0x000000078a900000)
 ParOldGen       total 83456K, used 7623K [0x0000000701a00000, 0x0000000706b80000, 0x0000000780900000)
  object space 83456K, 9% used [0x0000000701a00000,0x0000000702171cb8,0x0000000706b80000)
 Metaspace       used 31329K, capacity 33540K, committed 33664K, reserved 1079296K
  class space    used 4016K, capacity 4412K, committed 4480K, reserved 1048576K
Event: 5.945 GC heap after
Heap after GC invocations=7 (full 1):
 PSYoungGen      total 148992K, used 10725K [0x0000000780900000, 0x000000078a900000, 0x00000007c0000000)
  eden space 138240K, 0% used [0x0000000780900000,0x0000000780900000,0x0000000789000000)
  from space 10752K, 99% used [0x0000000789e80000,0x000000078a8f9750,0x000000078a900000)
  to   space 12800K, 0% used [0x0000000789000000,0x0000000789000000,0x0000000789c80000)
 ParOldGen       total 83456K, used 8690K [0x0000000701a00000, 0x0000000706b80000, 0x0000000780900000)
  object space 83456K, 10% used [0x0000000701a00000,0x000000070227c8c0,0x0000000706b80000)
 Metaspace       used 31329K, capacity 33540K, committed 33664K, reserved 1079296K
  class space    used 4016K, capacity 4412K, committed 4480K, reserved 1048576K
}
Event: 6.383 GC heap before
{Heap before GC invocations=8 (full 1):
 PSYoungGen      total 148992K, used 140751K [0x0000000780900000, 0x000000078a900000, 0x00000007c0000000)
  eden space 138240K, 94% used [0x0000000780900000,0x00000007887fa658,0x0000000789000000)
  from space 10752K, 99% used [0x0000000789e80000,0x000000078a8f9750,0x000000078a900000)
  to   space 12800K, 0% used [0x0000000789000000,0x0000000789000000,0x0000000789c80000)
 ParOldGen       total 83456K, used 8690K [0x0000000701a00000, 0x0000000706b80000, 0x0000000780900000)
  object space 83456K, 10% used [0x0000000701a00000,0x000000070227c8c0,0x0000000706b80000)
 Metaspace       used 33149K, capacity 35400K, committed 35416K, reserved 1081344K
  class space    used 4208K, capacity 4602K, committed 4608K, reserved 1048576K
Event: 6.402 GC heap after
Heap after GC invocations=8 (full 1):
 PSYoungGen      total 151040K, used 12782K [0x0000000780900000, 0x000000078f200000, 0x00000007c0000000)
  eden space 138240K, 0% used [0x0000000780900000,0x0000000780900000,0x0000000789000000)
  from space 12800K, 99% used [0x0000000789000000,0x0000000789c7ba88,0x0000000789c80000)
  to   space 14848K, 0% used [0x000000078e380000,0x000000078e380000,0x000000078f200000)
 ParOldGen       total 83456K, used 8883K [0x0000000701a00000, 0x0000000706b80000, 0x0000000780900000)
  object space 83456K, 10% used [0x0000000701a00000,0x00000007022acdc0,0x0000000706b80000)
 Metaspace       used 33149K, capacity 35400K, committed 35416K, reserved 1081344K
  class space    used 4208K, capacity 4602K, committed 4608K, reserved 1048576K
}
Event: 6.402 GC heap before
{Heap before GC invocations=9 (full 2):
 PSYoungGen      total 151040K, used 12782K [0x0000000780900000, 0x000000078f200000, 0x00000007c0000000)
  eden space 138240K, 0% used [0x0000000780900000,0x0000000780900000,0x0000000789000000)
  from space 12800K, 99% used [0x0000000789000000,0x0000000789c7ba88,0x0000000789c80000)
  to   space 14848K, 0% used [0x000000078e380000,0x000000078e380000,0x000000078f200000)
 ParOldGen       total 83456K, used 8883K [0x0000000701a00000, 0x0000000706b80000, 0x0000000780900000)
  object space 83456K, 10% used [0x0000000701a00000,0x00000007022acdc0,0x0000000706b80000)
 Metaspace       used 33149K, capacity 35400K, committed 35416K, reserved 1081344K
  class space    used 4208K, capacity 4602K, committed 4608K, reserved 1048576K
Event: 6.484 GC heap after
Heap after GC invocations=9 (full 2):
 PSYoungGen      total 151040K, used 0K [0x0000000780900000, 0x000000078f200000, 0x00000007c0000000)
  eden space 138240K, 0% used [0x0000000780900000,0x0000000780900000,0x0000000789000000)
  from space 12800K, 0% used [0x0000000789000000,0x0000000789000000,0x0000000789c80000)
  to   space 14848K, 0% used [0x000000078e380000,0x000000078e380000,0x000000078f200000)
 ParOldGen       total 83456K, used 18491K [0x0000000701a00000, 0x0000000706b80000, 0x0000000780900000)
  object space 83456K, 22% used [0x0000000701a00000,0x0000000702c0ef88,0x0000000706b80000)
 Metaspace       used 33149K, capacity 35400K, committed 35416K, reserved 1081344K
  class space    used 4208K, capacity 4602K, committed 4608K, reserved 1048576K
}

