# JRE version: Java(TM) SE Runtime Environment (8.0_181-b13) (build 1.8.0_181-b13)
# Java VM: Java HotSpot(TM) 64-Bit Server VM (25.181-b13 mixed mode windows-amd64 compressed oops)
Heap:
 PSYoungGen      total 307200K, used 12796K [0x0000000780900000, 0x0000000795280000, 0x00000007c0000000)
  eden space 280064K, 4% used [0x0000000780900000,0x000000078157f1c0,0x0000000791a80000)
  from space 27136K, 0% used [0x0000000791a80000,0x0000000791a80000,0x0000000793500000)
  to   space 28160K, 0% used [0x0000000793700000,0x0000000793700000,0x0000000795280000)
 ParOldGen       total 207360K, used 41412K [0x0000000701a00000, 0x000000070e480000, 0x0000000780900000)
  object space 207360K, 19% used [0x0000000701a00000,0x0000000704271118,0x000000070e480000)
 Metaspace       used 77723K, capacity 82636K, committed 82816K, reserved 1120256K
  class space    used 10309K, capacity 11097K, committed 11136K, reserved 1048576K
GC Heap History (10 events):
Event: 11.732 GC heap before
{Heap before GC invocations=13 (full 3):
 PSYoungGen      total 219648K, used 206336K [0x0000000780900000, 0x0000000792880000, 0x00000007c0000000)
  eden space 206336K, 100% used [0x0000000780900000,0x000000078d280000,0x000000078d280000)
  from space 13312K, 0% used [0x000000078d280000,0x000000078d280000,0x000000078df80000)
  to   space 20480K, 0% used [0x0000000791480000,0x0000000791480000,0x0000000792880000)
 ParOldGen       total 207360K, used 40384K [0x0000000701a00000, 0x000000070e480000, 0x0000000780900000)
  object space 207360K, 19% used [0x0000000701a00000,0x00000007041702c8,0x000000070e480000)
 Metaspace       used 65067K, capacity 68678K, committed 68992K, reserved 1110016K
  class space    used 8654K, capacity 9254K, committed 9344K, reserved 1048576K
Event: 11.757 GC heap after
Heap after GC invocations=13 (full 3):
 PSYoungGen      total 254464K, used 13268K [0x0000000780900000, 0x0000000792180000, 0x00000007c0000000)
  eden space 241152K, 0% used [0x0000000780900000,0x0000000780900000,0x000000078f480000)
  from space 13312K, 99% used [0x0000000791480000,0x0000000792175248,0x0000000792180000)
  to   space 20480K, 0% used [0x000000078f980000,0x000000078f980000,0x0000000790d80000)
 ParOldGen       total 207360K, used 40392K [0x0000000701a00000, 0x000000070e480000, 0x0000000780900000)
  object space 207360K, 19% used [0x0000000701a00000,0x00000007041722c8,0x000000070e480000)
 Metaspace       used 65067K, capacity 68678K, committed 68992K, reserved 1110016K
  class space    used 8654K, capacity 9254K, committed 9344K, reserved 1048576K
}
Event: 13.979 GC heap before
{Heap before GC invocations=14 (full 3):
 PSYoungGen      total 254464K, used 254420K [0x0000000780900000, 0x0000000792180000, 0x00000007c0000000)
  eden space 241152K, 100% used [0x0000000780900000,0x000000078f480000,0x000000078f480000)
  from space 13312K, 99% used [0x0000000791480000,0x0000000792175248,0x0000000792180000)
  to   space 20480K, 0% used [0x000000078f980000,0x000000078f980000,0x0000000790d80000)
 ParOldGen       total 207360K, used 40392K [0x0000000701a00000, 0x000000070e480000, 0x0000000780900000)
  object space 207360K, 19% used [0x0000000701a00000,0x00000007041722c8,0x000000070e480000)
 Metaspace       used 71757K, capacity 76316K, committed 76416K, reserved 1116160K
  class space    used 9582K, capacity 10283K, committed 10368K, reserved 1048576K
Event: 14.013 GC heap after
Heap after GC invocations=14 (full 3):
 PSYoungGen      total 266752K, used 20460K [0x0000000780900000, 0x0000000794c00000, 0x00000007c0000000)
  eden space 246272K, 0% used [0x0000000780900000,0x0000000780900000,0x000000078f980000)
  from space 20480K, 99% used [0x000000078f980000,0x0000000790d7b3e8,0x0000000790d80000)
  to   space 23552K, 0% used [0x0000000793500000,0x0000000793500000,0x0000000794c00000)
 ParOldGen       total 207360K, used 41842K [0x0000000701a00000, 0x000000070e480000, 0x0000000780900000)
  object space 207360K, 20% used [0x0000000701a00000,0x00000007042dc868,0x000000070e480000)
 Metaspace       used 71757K, capacity 76316K, committed 76416K, reserved 1116160K
  class space    used 9582K, capacity 10283K, committed 10368K, reserved 1048576K
}
Event: 586.470 GC heap before
{Heap before GC invocations=15 (full 3):
 PSYoungGen      total 266752K, used 266732K [0x0000000780900000, 0x0000000794c00000, 0x00000007c0000000)
  eden space 246272K, 100% used [0x0000000780900000,0x000000078f980000,0x000000078f980000)
  from space 20480K, 99% used [0x000000078f980000,0x0000000790d7b3e8,0x0000000790d80000)
  to   space 23552K, 0% used [0x0000000793500000,0x0000000793500000,0x0000000794c00000)
 ParOldGen       total 207360K, used 41842K [0x0000000701a00000, 0x000000070e480000, 0x0000000780900000)
  object space 207360K, 20% used [0x0000000701a00000,0x00000007042dc868,0x000000070e480000)
 Metaspace       used 77490K, capacity 82308K, committed 82560K, reserved 1120256K
  class space    used 10276K, capacity 11041K, committed 11136K, reserved 1048576K
Event: 586.494 GC heap after
Heap after GC invocations=15 (full 3):
 PSYoungGen      total 303616K, used 23526K [0x0000000780900000, 0x0000000795080000, 0x00000007c0000000)
  eden space 280064K, 0% used [0x0000000780900000,0x0000000780900000,0x0000000791a80000)
  from space 23552K, 99% used [0x0000000793500000,0x0000000794bf9858,0x0000000794c00000)
  to   space 27136K, 0% used [0x0000000791a80000,0x0000000791a80000,0x0000000793500000)
 ParOldGen       total 207360K, used 41938K [0x0000000701a00000, 0x000000070e480000, 0x0000000780900000)
  object space 207360K, 20% used [0x0000000701a00000,0x00000007042f4b20,0x000000070e480000)
 Metaspace       used 77490K, capacity 82308K, committed 82560K, reserved 1120256K
  class space    used 10276K, capacity 11041K, committed 11136K, reserved 1048576K
}
Event: 642.167 GC heap before
{Heap before GC invocations=16 (full 3):
 PSYoungGen      total 303616K, used 51979K [0x0000000780900000, 0x0000000795080000, 0x00000007c0000000)
  eden space 280064K, 10% used [0x0000000780900000,0x00000007824c9618,0x0000000791a80000)
  from space 23552K, 99% used [0x0000000793500000,0x0000000794bf9858,0x0000000794c00000)
  to   space 27136K, 0% used [0x0000000791a80000,0x0000000791a80000,0x0000000793500000)
 ParOldGen       total 207360K, used 41938K [0x0000000701a00000, 0x000000070e480000, 0x0000000780900000)
  object space 207360K, 20% used [0x0000000701a00000,0x00000007042f4b20,0x000000070e480000)
 Metaspace       used 77690K, capacity 82616K, committed 82816K, reserved 1120256K
  class space    used 10306K, capacity 11094K, committed 11136K, reserved 1048576K
Event: 642.186 GC heap after
Heap after GC invocations=16 (full 3):
 PSYoungGen      total 307200K, used 19246K [0x0000000780900000, 0x0000000795280000, 0x00000007c0000000)
  eden space 280064K, 0% used [0x0000000780900000,0x0000000780900000,0x0000000791a80000)
  from space 27136K, 70% used [0x0000000791a80000,0x0000000792d4bb68,0x0000000793500000)
  to   space 28160K, 0% used [0x0000000793700000,0x0000000793700000,0x0000000795280000)
 ParOldGen       total 207360K, used 41946K [0x0000000701a00000, 0x000000070e480000, 0x0000000780900000)
  object space 207360K, 20% used [0x0000000701a00000,0x00000007042f6b20,0x000000070e480000)
 Metaspace       used 77690K, capacity 82616K, committed 82816K, reserved 1120256K
  class space    used 10306K, capacity 11094K, committed 11136K, reserved 1048576K
}
Event: 642.186 GC heap before
{Heap before GC invocations=17 (full 4):
 PSYoungGen      total 307200K, used 19246K [0x0000000780900000, 0x0000000795280000, 0x00000007c0000000)
  eden space 280064K, 0% used [0x0000000780900000,0x0000000780900000,0x0000000791a80000)
  from space 27136K, 70% used [0x0000000791a80000,0x0000000792d4bb68,0x0000000793500000)
  to   space 28160K, 0% used [0x0000000793700000,0x0000000793700000,0x0000000795280000)
 ParOldGen       total 207360K, used 41946K [0x0000000701a00000, 0x000000070e480000, 0x0000000780900000)
  object space 207360K, 20% used [0x0000000701a00000,0x00000007042f6b20,0x000000070e480000)
 Metaspace       used 77690K, capacity 82616K, committed 82816K, reserved 1120256K
  class space    used 10306K, capacity 11094K, committed 11136K, reserved 1048576K
Event: 642.477 GC heap after
Heap after GC invocations=17 (full 4):
 PSYoungGen      total 307200K, used 0K [0x0000000780900000, 0x0000000795280000, 0x00000007c0000000)
  eden space 280064K, 0% used [0x0000000780900000,0x0000000780900000,0x0000000791a80000)
  from space 27136K, 0% used [0x0000000791a80000,0x0000000791a80000,0x0000000793500000)
  to   space 28160K, 0% used [0x0000000793700000,0x0000000793700000,0x0000000795280000)
 ParOldGen       total 207360K, used 41412K [0x0000000701a00000, 0x000000070e480000, 0x0000000780900000)
  object space 207360K, 19% used [0x0000000701a00000,0x0000000704271118,0x000000070e480000)
 Metaspace       used 77686K, capacity 82610K, committed 82816K, reserved 1120256K
  class space    used 10306K, capacity 11093K, committed 11136K, reserved 1048576K
}

